  [1m[35m (10.0ms)[0m  [1m[35mCREATE TABLE "schema_migrations" ("version" character varying NOT NULL PRIMARY KEY)[0m
  [1m[35m (5.1ms)[0m  [1m[35mCREATE TABLE "ar_internal_metadata" ("key" character varying NOT NULL PRIMARY KEY, "value" character varying, "created_at" timestamp NOT NULL, "updated_at" timestamp NOT NULL)[0m
  [1m[35m (1.1ms)[0m  [1m[34mSELECT pg_try_advisory_lock(5010300666983096310)[0m
  [1m[35m (0.6ms)[0m  [1m[34mSELECT "schema_migrations"."version" FROM "schema_migrations" ORDER BY "schema_migrations"."version" ASC[0m
Migrating to CreateUsers (20170907195745)
  [1m[35m (0.2ms)[0m  [1m[35mBEGIN[0m
  [1m[35m (4.8ms)[0m  [1m[35mCREATE TABLE "users" ("id" bigserial primary key, "username" character varying, "email" character varying, "password_digest" character varying, "created_at" timestamp NOT NULL, "updated_at" timestamp NOT NULL)[0m
  [1m[35mSQL (0.5ms)[0m  [1m[32mINSERT INTO "schema_migrations" ("version") VALUES ($1) RETURNING "version"[0m  [["version", "20170907195745"]]
  [1m[35m (0.5ms)[0m  [1m[35mCOMMIT[0m
  [1m[36mActiveRecord::InternalMetadata Load (0.4ms)[0m  [1m[34mSELECT  "ar_internal_metadata".* FROM "ar_internal_metadata" WHERE "ar_internal_metadata"."key" = $1 LIMIT $2[0m  [["key", "environment"], ["LIMIT", 1]]
  [1m[35m (0.3ms)[0m  [1m[35mBEGIN[0m
  [1m[35mSQL (1.2ms)[0m  [1m[32mINSERT INTO "ar_internal_metadata" ("key", "value", "created_at", "updated_at") VALUES ($1, $2, $3, $4) RETURNING "key"[0m  [["key", "environment"], ["value", "development"], ["created_at", "2017-09-07 20:10:10.673973"], ["updated_at", "2017-09-07 20:10:10.673973"]]
  [1m[35m (0.5ms)[0m  [1m[35mCOMMIT[0m
  [1m[35m (0.2ms)[0m  [1m[34mSELECT pg_advisory_unlock(5010300666983096310)[0m
  [1m[35m (0.6ms)[0m  [1m[34mSELECT "schema_migrations"."version" FROM "schema_migrations" ORDER BY "schema_migrations"."version" ASC[0m
Started GET "/" for ::1 at 2017-09-07 16:11:52 -0400
  [1m[35m (2.0ms)[0m  [1m[34mSELECT "schema_migrations"."version" FROM "schema_migrations" ORDER BY "schema_migrations"."version" ASC[0m
Processing by Rails::WelcomeController#index as HTML
  Rendering /Users/CarlosAlmonte/.rvm/gems/ruby-2.3.4/gems/railties-5.1.3/lib/rails/templates/rails/welcome/index.html.erb
  Rendered /Users/CarlosAlmonte/.rvm/gems/ruby-2.3.4/gems/railties-5.1.3/lib/rails/templates/rails/welcome/index.html.erb (6.7ms)
Completed 200 OK in 53ms (Views: 18.3ms | ActiveRecord: 0.0ms)


Started GET "/favicon.ico" for ::1 at 2017-09-07 16:11:55 -0400
  
ActionController::RoutingError (No route matches [GET] "/favicon.ico"):
  
actionpack (5.1.3) lib/action_dispatch/middleware/debug_exceptions.rb:63:in `call'
actionpack (5.1.3) lib/action_dispatch/middleware/show_exceptions.rb:31:in `call'
railties (5.1.3) lib/rails/rack/logger.rb:36:in `call_app'
railties (5.1.3) lib/rails/rack/logger.rb:24:in `block in call'
activesupport (5.1.3) lib/active_support/tagged_logging.rb:69:in `block in tagged'
activesupport (5.1.3) lib/active_support/tagged_logging.rb:26:in `tagged'
activesupport (5.1.3) lib/active_support/tagged_logging.rb:69:in `tagged'
railties (5.1.3) lib/rails/rack/logger.rb:24:in `call'
actionpack (5.1.3) lib/action_dispatch/middleware/remote_ip.rb:79:in `call'
actionpack (5.1.3) lib/action_dispatch/middleware/request_id.rb:25:in `call'
rack (2.0.3) lib/rack/runtime.rb:22:in `call'
activesupport (5.1.3) lib/active_support/cache/strategy/local_cache_middleware.rb:27:in `call'
actionpack (5.1.3) lib/action_dispatch/middleware/executor.rb:12:in `call'
actionpack (5.1.3) lib/action_dispatch/middleware/static.rb:125:in `call'
rack (2.0.3) lib/rack/sendfile.rb:111:in `call'
rack-cors (1.0.1) lib/rack/cors.rb:93:in `call'
railties (5.1.3) lib/rails/engine.rb:522:in `call'
puma (3.10.0) lib/puma/configuration.rb:225:in `call'
puma (3.10.0) lib/puma/server.rb:605:in `handle_request'
puma (3.10.0) lib/puma/server.rb:437:in `process_client'
puma (3.10.0) lib/puma/server.rb:301:in `block in run'
puma (3.10.0) lib/puma/thread_pool.rb:120:in `block in spawn_thread'
Started GET "/" for 127.0.0.1 at 2017-09-07 16:12:40 -0400
  [1m[35m (1.8ms)[0m  [1m[34mSELECT "schema_migrations"."version" FROM "schema_migrations" ORDER BY "schema_migrations"."version" ASC[0m
Processing by Rails::WelcomeController#index as HTML
  Rendering /Users/CarlosAlmonte/.rvm/gems/ruby-2.3.4/gems/railties-5.1.3/lib/rails/templates/rails/welcome/index.html.erb
  Rendered /Users/CarlosAlmonte/.rvm/gems/ruby-2.3.4/gems/railties-5.1.3/lib/rails/templates/rails/welcome/index.html.erb (5.6ms)
Completed 200 OK in 52ms (Views: 15.9ms | ActiveRecord: 0.0ms)


Started POST "/api/v1/login" for 127.0.0.1 at 2017-09-07 16:19:59 -0400
Processing by Api::V1::AuthController#create as */*
  Parameters: {"userame"=>"macrouser", "password"=>"[FILTERED]"}
  [1m[36mUser Load (12.4ms)[0m  [1m[34mSELECT  "users".* FROM "users" WHERE "users"."username" IS NULL LIMIT $1[0m  [["LIMIT", 1]]
Completed 204 No Content in 38ms (ActiveRecord: 22.4ms)


Started POST "/api/v1/login" for 127.0.0.1 at 2017-09-07 16:21:04 -0400
Processing by Api::V1::AuthController#create as */*
  Parameters: {"userame"=>"macrouser", "password"=>"[FILTERED]"}
  [1m[36mUser Load (0.6ms)[0m  [1m[34mSELECT  "users".* FROM "users" WHERE "users"."username" IS NULL LIMIT $1[0m  [["LIMIT", 1]]
Completed 204 No Content in 7ms (ActiveRecord: 2.1ms)


Started POST "/api/v1/login" for 127.0.0.1 at 2017-09-07 16:21:25 -0400
Processing by Api::V1::AuthController#create as */*
  Parameters: {"userame"=>"macrouser", "password"=>"[FILTERED]"}
  [1m[36mUser Load (0.3ms)[0m  [1m[34mSELECT  "users".* FROM "users" WHERE "users"."username" IS NULL LIMIT $1[0m  [["LIMIT", 1]]
Completed 204 No Content in 9248ms (ActiveRecord: 0.3ms)


Started POST "/api/v1/login" for 127.0.0.1 at 2017-09-07 16:21:59 -0400
Processing by Api::V1::AuthController#create as */*
  Parameters: {"userame"=>"macrouser", "password"=>"[FILTERED]"}
  [1m[36mUser Load (0.3ms)[0m  [1m[34mSELECT  "users".* FROM "users" WHERE "users"."username" IS NULL LIMIT $1[0m  [["LIMIT", 1]]
Completed 200 OK in 5ms (Views: 0.1ms | ActiveRecord: 0.3ms)


Started POST "/api/v1/login" for 127.0.0.1 at 2017-09-07 16:22:37 -0400
Processing by Api::V1::AuthController#create as */*
  Parameters: {"userame"=>"macrouser", "password"=>"[FILTERED]"}
  [1m[36mUser Load (0.4ms)[0m  [1m[34mSELECT  "users".* FROM "users" WHERE "users"."username" IS NULL LIMIT $1[0m  [["LIMIT", 1]]
Completed 200 OK in 5ms (Views: 0.3ms | ActiveRecord: 0.4ms)


Started POST "/api/v1/login" for 127.0.0.1 at 2017-09-07 16:25:39 -0400
Processing by Api::V1::AuthController#create as */*
  Parameters: {"userame"=>"macrouser", "password"=>"[FILTERED]"}
  [1m[36mUser Load (0.4ms)[0m  [1m[34mSELECT  "users".* FROM "users" WHERE "users"."username" IS NULL LIMIT $1[0m  [["LIMIT", 1]]
Completed 200 OK in 5ms (Views: 0.2ms | ActiveRecord: 0.4ms)


Started POST "/api/v1/login" for 127.0.0.1 at 2017-09-07 16:27:58 -0400
Processing by Api::V1::AuthController#create as */*
  Parameters: {"userame"=>"macrouser", "password"=>"[FILTERED]"}
  [1m[36mUser Load (0.4ms)[0m  [1m[34mSELECT  "users".* FROM "users" WHERE "users"."username" IS NULL LIMIT $1[0m  [["LIMIT", 1]]
Completed 200 OK in 5ms (Views: 0.2ms | ActiveRecord: 0.4ms)


Started POST "/api/v1/login" for 127.0.0.1 at 2017-09-07 16:46:03 -0400
Processing by Api::V1::AuthController#create as JSON
  Parameters: {"username"=>"test", "password"=>"[FILTERED]", "auth"=>{"username"=>"test", "password"=>"[FILTERED]"}}
  [1m[36mUser Load (0.7ms)[0m  [1m[34mSELECT  "users".* FROM "users" WHERE "users"."username" = $1 LIMIT $2[0m  [["username", "test"], ["LIMIT", 1]]
Completed 200 OK in 44ms (Views: 1.8ms | ActiveRecord: 1.5ms)


Started POST "/api/v1/users" for 127.0.0.1 at 2017-09-07 17:21:36 -0400
Processing by Api::V1::UsersController#create as JSON
  Parameters: {"username"=>"test", "password"=>"[FILTERED]", "user"=>{"username"=>"test"}}
  [1m[35m (0.2ms)[0m  [1m[35mBEGIN[0m
  [1m[35mSQL (2.8ms)[0m  [1m[32mINSERT INTO "users" ("username", "password_digest", "created_at", "updated_at") VALUES ($1, $2, $3, $4) RETURNING "id"[0m  [["username", "test"], ["password_digest", "$2a$10$KFLEQMkGhKNDRw8hZVZL8umr9WlxB5qrPiftDh0WwEERPludO4IDC"], ["created_at", "2017-09-07 21:21:36.673156"], ["updated_at", "2017-09-07 21:21:36.673156"]]
  [1m[35m (1.7ms)[0m  [1m[35mCOMMIT[0m
Completed 500 Internal Server Error in 179ms (ActiveRecord: 26.2ms)


  
NoMethodError (undefined method `issue_token' for #<Api::V1::UsersController:0x007fbd6e8afcb8>):
  
app/controllers/api/v1/users_controller.rb:13:in `create'
Started POST "/api/v1/users" for 127.0.0.1 at 2017-09-07 17:23:38 -0400
Processing by Api::V1::UsersController#create as JSON
  Parameters: {"username"=>"test", "password"=>"[FILTERED]", "user"=>{"username"=>"test"}}
  [1m[35m (0.3ms)[0m  [1m[35mBEGIN[0m
  [1m[35mSQL (0.4ms)[0m  [1m[32mINSERT INTO "users" ("username", "password_digest", "created_at", "updated_at") VALUES ($1, $2, $3, $4) RETURNING "id"[0m  [["username", "test"], ["password_digest", "$2a$10$PngNI.sl4jZXaxLrU5IB7uP36epev9ux1o/zuaisbtgsRBUIqZaOu"], ["created_at", "2017-09-07 21:23:38.741651"], ["updated_at", "2017-09-07 21:23:38.741651"]]
  [1m[35m (1.1ms)[0m  [1m[35mCOMMIT[0m
Completed 200 OK in 97ms (Views: 1.2ms | ActiveRecord: 1.7ms)


Started POST "/api/v1/users" for 127.0.0.1 at 2017-09-07 17:29:23 -0400
Processing by Api::V1::UsersController#create as JSON
  Parameters: {"username"=>"snigdha", "email"=>"sur.snigdha@gmail.com", "password"=>"[FILTERED]", "user"=>{"username"=>"snigdha", "email"=>"sur.snigdha@gmail.com"}}
  [1m[35m (0.2ms)[0m  [1m[35mBEGIN[0m
  [1m[35mSQL (0.4ms)[0m  [1m[32mINSERT INTO "users" ("username", "email", "password_digest", "created_at", "updated_at") VALUES ($1, $2, $3, $4, $5) RETURNING "id"[0m  [["username", "snigdha"], ["email", "sur.snigdha@gmail.com"], ["password_digest", "$2a$10$VoP8FHfbeJGpkOtgBiIwne87prk0H.yEFhOm4fRy1BOT7McmP4sla"], ["created_at", "2017-09-07 21:29:23.757005"], ["updated_at", "2017-09-07 21:29:23.757005"]]
  [1m[35m (0.8ms)[0m  [1m[35mCOMMIT[0m
Completed 200 OK in 102ms (Views: 0.6ms | ActiveRecord: 1.4ms)


Started POST "/api/v1/login" for 127.0.0.1 at 2017-09-07 17:44:13 -0400
Processing by Api::V1::AuthController#create as JSON
  Parameters: {"username"=>"test", "password"=>"[FILTERED]", "auth"=>{"username"=>"test", "password"=>"[FILTERED]"}}
  [1m[36mUser Load (12.2ms)[0m  [1m[34mSELECT  "users".* FROM "users" WHERE "users"."username" = $1 LIMIT $2[0m  [["username", "test"], ["LIMIT", 1]]
Completed 200 OK in 118ms (Views: 0.7ms | ActiveRecord: 12.2ms)


Started POST "/api/v1/login" for 127.0.0.1 at 2017-09-07 17:56:14 -0400
Processing by Api::V1::AuthController#create as JSON
  Parameters: {"username"=>"snigdha", "password"=>"[FILTERED]", "auth"=>{"username"=>"snigdha", "password"=>"[FILTERED]"}}
  [1m[36mUser Load (0.3ms)[0m  [1m[34mSELECT  "users".* FROM "users" WHERE "users"."username" = $1 LIMIT $2[0m  [["username", "snigdha"], ["LIMIT", 1]]
Completed 200 OK in 95ms (Views: 0.5ms | ActiveRecord: 0.6ms)


